{"level":"INFO","time":1722289277349,"pid":802,"hostname":"MacBook-Pro-de-Daniel.local","call_method":"mint_nft"}
{"level":"INFO","time":1722290156104,"pid":18643,"hostname":"MacBook-Pro-de-Daniel.local","call_method":"add_found"}
{"level":"INFO","time":1722290318807,"pid":21960,"hostname":"MacBook-Pro-de-Daniel.local","call_method":"create_ccip"}
{"level":"INFO","time":1722290381305,"pid":21960,"hostname":"MacBook-Pro-de-Daniel.local","contractAddress":"0x8688CCA669714C205E6C722d15d7dEF0dE764869"}
{"level":"INFO","time":1722290450472,"pid":24742,"hostname":"MacBook-Pro-de-Daniel.local","call_method":"add_founds"}
{"level":"INFO","time":1722290472631,"pid":25218,"hostname":"MacBook-Pro-de-Daniel.local","call_method":"add_founds"}
{"level":"INFO","time":1722290474500,"pid":25218,"hostname":"MacBook-Pro-de-Daniel.local","hash":"0x1950e640ccc3adcab54c46fdc575dde9562b4cebaf93c2e4502b509faef4e16a","call_method":"add_founds","token":"0x779877A7B0D9E8603169DdbD7836e478b4624789","amount":"10"}
{"level":"INFO","time":1722290572298,"pid":27291,"hostname":"MacBook-Pro-de-Daniel.local","call_method":"add_founds"}
{"level":"INFO","time":1722290573952,"pid":27291,"hostname":"MacBook-Pro-de-Daniel.local","hash":"0xcfb7a580556057bc098ba727d88c1b37cb88f2c92df4196ebd8e92403641ec6d","call_method":"add_founds","token":"ETH","amount":"0.05"}
{"level":"INFO","time":1722298676574,"pid":90279,"hostname":"MacBook-Pro-de-Daniel.local","call_method":"create_ccip"}
{"level":"INFO","time":1722298683897,"pid":90279,"hostname":"MacBook-Pro-de-Daniel.local","contractAddress":"0x791122cc6f94D78289EC737F4cc04ce444292aE1","protocol":"AVAXCCHAIN"}
{"level":"INFO","time":1722298755095,"pid":91923,"hostname":"MacBook-Pro-de-Daniel.local","call_method":"add_founds"}
{"level":"INFO","time":1722298830371,"pid":93459,"hostname":"MacBook-Pro-de-Daniel.local","call_method":"add_founds"}
{"level":"INFO","time":1722298831737,"pid":93459,"hostname":"MacBook-Pro-de-Daniel.local","hash":"0x3728b2ab2a4a4052b944c835859ec8645d5c3998b820a7ffdeb0530e4b9c5b14","call_method":"add_founds","token":"AVAX","amount":"0.2","protocol":"AVAXCCHAIN"}
{"level":"INFO","time":1722298939432,"pid":95685,"hostname":"MacBook-Pro-de-Daniel.local","call_method":"add_founds"}
{"level":"INFO","time":1722298941092,"pid":95685,"hostname":"MacBook-Pro-de-Daniel.local","hash":"0x778851cd199532ac75d3625c04d44b7348c91e190732cac0cccc244478a3bb64","call_method":"add_founds","token":"0x0b9d5D9136855f6FEc3c0993feE6E9CE8a297846","amount":"10","protocol":"AVAXCCHAIN"}
{"level":"INFO","time":1722299409673,"pid":5580,"hostname":"MacBook-Pro-de-Daniel.local","call_method":"allow_sender"}
{"level":"INFO","time":1722299411807,"pid":5580,"hostname":"MacBook-Pro-de-Daniel.local","hash":"0xd4db3e3f30db9f3e0e0bb6d6f8354ac706ff3c7d5b81f78c0c3a2239ca6221db","call_method":"allow_sender","senderAddress":"0x8688CCA669714C205E6C722d15d7dEF0dE764869","allowed":true,"contractAddress":"0x791122cc6f94D78289EC737F4cc04ce444292aE1"}
{"level":"INFO","time":1722300519932,"pid":28050,"hostname":"MacBook-Pro-de-Daniel.local","call_method":"send_message"}
{"level":"INFO","time":1722300522944,"pid":28050,"hostname":"MacBook-Pro-de-Daniel.local","hash":"0x08dead64fbeeb59946351cd89ee584f2a7caafc8d0512de2c2f7c5a96c052506","call_method":"send_message","senderContractAddress":"0x8688CCA669714C205E6C722d15d7dEF0dE764869","receiveContractAddress":"0x791122cc6f94D78289EC737F4cc04ce444292aE1","data":"Cryptum Sdk <> Chainlink CCIP","payLink":true,"protocol":"ETHEREUM","destinationProtocol":"AVAXCCHAIN"}
{"level":"INFO","time":1722301674102,"pid":51603,"hostname":"MacBook-Pro-de-Daniel.local","call_method":"receive_message"}
{"level":"INFO","time":1722301989516,"pid":58028,"hostname":"MacBook-Pro-de-Daniel.local","call_method":"receive_message"}
{"level":"INFO","time":1722302153592,"pid":61410,"hostname":"MacBook-Pro-de-Daniel.local","call_method":"receive_message"}
{"level":"INFO","time":1722302227463,"pid":62961,"hostname":"MacBook-Pro-de-Daniel.local","call_method":"receive_message"}
{"level":"INFO","time":1722302343234,"pid":65317,"hostname":"MacBook-Pro-de-Daniel.local","call_method":"receive_message"}
{"level":"INFO","time":1722302970760,"pid":78017,"hostname":"MacBook-Pro-de-Daniel.local","call_method":"send_message"}
{"level":"INFO","time":1722303116627,"pid":81007,"hostname":"MacBook-Pro-de-Daniel.local","call_method":"send_message"}
{"level":"INFO","time":1722303119156,"pid":81007,"hostname":"MacBook-Pro-de-Daniel.local","hash":"0xfaa0f3a2561a50bd4b038a4f905d594f139aa88bf5efe7d0a61008e1293a89ee","call_method":"send_message","senderContractAddress":"0x8688CCA669714C205E6C722d15d7dEF0dE764869","receiveContractAddress":"0x791122cc6f94D78289EC737F4cc04ce444292aE1","data":"Cryptum Sdk <> Chainlink CCIP","payLink":true,"protocol":"ETHEREUM","destinationProtocol":"AVAXCCHAIN"}
{"level":"INFO","time":1722303235352,"pid":83410,"hostname":"MacBook-Pro-de-Daniel.local","call_method":"receive_message"}
